mode: set
fluxcore/call/client.go:30.132,33.16 2 1
fluxcore/call/client.go:33.16,35.3 1 0
fluxcore/call/client.go:37.2,38.52 2 1
fluxcore/call/client.go:38.52,40.16 2 1
fluxcore/call/client.go:40.16,42.4 1 1
fluxcore/call/client.go:44.3,44.16 1 1
fluxcore/call/client.go:44.16,46.11 2 1
fluxcore/call/client.go:47.31,47.31 0 1
fluxcore/call/client.go:48.22,49.31 1 1
fluxcore/call/client.go:53.3,54.17 2 1
fluxcore/call/client.go:54.17,57.4 2 1
fluxcore/call/client.go:59.3,63.31 3 1
fluxcore/call/client.go:63.31,64.9 1 1
fluxcore/call/client.go:68.2,68.26 1 1
fluxcore/call/client.go:71.123,73.16 2 1
fluxcore/call/client.go:73.16,75.3 1 0
fluxcore/call/client.go:76.2,76.59 1 1
fluxcore/call/client.go:79.88,81.16 2 1
fluxcore/call/client.go:81.16,83.3 1 0
fluxcore/call/client.go:84.2,87.16 3 1
fluxcore/call/client.go:87.16,89.3 1 1
fluxcore/call/client.go:90.2,92.28 2 1
fluxcore/call/client.go:92.28,95.3 2 1
fluxcore/call/client.go:97.2,97.30 1 1
fluxcore/call/client.go:100.72,102.51 2 1
fluxcore/call/client.go:102.51,104.3 1 1
fluxcore/call/client.go:105.2,105.18 1 1
fluxcore/call/client.go:108.74,110.52 2 1
fluxcore/call/client.go:110.52,112.3 1 0
fluxcore/call/client.go:113.2,113.19 1 1
fluxcore/call/client.go:117.84,118.18 1 1
fluxcore/call/client.go:119.31,120.70 1 1
fluxcore/call/client.go:121.28,122.67 1 1
fluxcore/call/client.go:123.28,124.67 1 1
fluxcore/call/client.go:125.10,126.37 1 1
fluxcore/call/client.go:131.154,136.19 4 1
fluxcore/call/client.go:137.31,138.58 1 0
fluxcore/call/client.go:139.28,140.55 1 0
fluxcore/call/client.go:141.28,142.55 1 0
fluxcore/call/client.go:143.10,144.35 1 1
fluxcore/call/client.go:146.2,146.16 1 1
fluxcore/call/client.go:146.16,148.3 1 0
fluxcore/call/client.go:150.2,151.16 2 1
fluxcore/call/client.go:151.16,153.3 1 1
fluxcore/call/client.go:155.2,158.19 3 1
fluxcore/call/client.go:159.31,160.69 1 0
fluxcore/call/client.go:161.28,162.66 1 0
fluxcore/call/client.go:163.28,164.66 1 0
fluxcore/call/client.go:165.10,166.45 1 1
fluxcore/call/client.go:168.2,168.16 1 1
fluxcore/call/client.go:168.16,170.3 1 0
fluxcore/call/client.go:172.2,183.23 3 1
fluxcore/call/client.go:184.31,185.59 1 0
fluxcore/call/client.go:186.28,187.56 1 0
fluxcore/call/client.go:188.28,189.56 1 0
fluxcore/call/client.go:190.10,191.35 1 1
fluxcore/call/client.go:193.2,193.16 1 1
fluxcore/call/client.go:193.16,195.3 1 0
fluxcore/call/client.go:197.2,197.27 1 1
fluxcore/call/request.go:10.57,12.19 2 1
fluxcore/call/request.go:13.28,14.13 1 1
fluxcore/call/request.go:14.13,16.4 1 1
fluxcore/call/request.go:16.9,18.4 1 1
fluxcore/call/request.go:19.31,20.24 1 1
fluxcore/call/request.go:21.28,22.20 1 1
fluxcore/call/request.go:23.10,24.32 1 1
fluxcore/call/request.go:26.2,26.26 1 1
fluxcore/call/request.go:30.71,32.12 2 1
fluxcore/call/request.go:32.12,34.3 1 1
fluxcore/call/request.go:36.2,36.19 1 1
fluxcore/call/request.go:37.28,38.46 1 1
fluxcore/call/request.go:39.31,41.41 2 1
fluxcore/call/request.go:42.28,43.55 1 1
fluxcore/call/request.go:44.10,45.55 1 1
fluxcore/call/stream.go:23.129,26.16 2 1
fluxcore/call/stream.go:26.16,28.3 1 0
fluxcore/call/stream.go:29.2,32.52 3 1
fluxcore/call/stream.go:32.52,34.16 2 1
fluxcore/call/stream.go:34.16,36.4 1 1
fluxcore/call/stream.go:38.3,38.16 1 1
fluxcore/call/stream.go:38.16,40.11 2 1
fluxcore/call/stream.go:41.31,41.31 0 1
fluxcore/call/stream.go:42.22,43.26 1 0
fluxcore/call/stream.go:47.3,48.17 2 1
fluxcore/call/stream.go:48.17,50.14 2 1
fluxcore/call/stream.go:50.14,53.34 3 1
fluxcore/call/stream.go:53.34,55.6 1 1
fluxcore/call/stream.go:56.5,56.25 1 1
fluxcore/call/stream.go:59.4,63.10 1 1
fluxcore/call/stream.go:66.3,70.31 3 1
fluxcore/call/stream.go:70.31,71.9 1 0
fluxcore/call/stream.go:75.2,75.21 1 0
fluxcore/call/stream.go:78.120,80.16 2 1
fluxcore/call/stream.go:80.16,82.3 1 0
fluxcore/call/stream.go:83.2,84.65 2 1
fluxcore/call/stream.go:88.151,93.19 4 1
fluxcore/call/stream.go:94.31,95.58 1 1
fluxcore/call/stream.go:96.28,97.55 1 1
fluxcore/call/stream.go:98.28,99.55 1 0
fluxcore/call/stream.go:100.10,101.35 1 1
fluxcore/call/stream.go:103.2,103.16 1 1
fluxcore/call/stream.go:103.16,105.3 1 0
fluxcore/call/stream.go:107.2,108.16 2 1
fluxcore/call/stream.go:108.16,110.3 1 1
fluxcore/call/stream.go:112.2,121.12 4 1
fluxcore/call/stream.go:121.12,123.31 2 1
fluxcore/call/stream.go:123.31,124.27 1 1
fluxcore/call/stream.go:124.27,125.13 1 0
fluxcore/call/stream.go:128.4,128.27 1 1
fluxcore/call/stream.go:128.27,133.5 4 1
fluxcore/call/stream.go:135.4,135.50 1 1
fluxcore/call/stream.go:135.50,136.13 1 0
fluxcore/call/stream.go:139.4,139.34 1 1
fluxcore/call/stream.go:139.34,141.25 2 1
fluxcore/call/stream.go:141.25,143.6 1 1
fluxcore/call/stream.go:144.10,146.22 2 1
fluxcore/call/stream.go:146.22,148.6 1 1
fluxcore/call/stream.go:153.2,155.33 1 1
fluxcore/call/stream.go:155.33,155.53 1 1
fluxcore/call/stream.go:160.121,164.16 3 1
fluxcore/call/stream.go:164.16,167.3 2 0
fluxcore/call/stream.go:168.2,171.16 3 1
fluxcore/call/stream.go:171.16,174.3 2 1
fluxcore/call/stream.go:176.2,176.28 1 1
fluxcore/call/stream.go:176.28,181.3 4 1
fluxcore/call/stream.go:183.2,183.31 1 1
fluxcore/call/stream.go:186.32,187.21 1 1
fluxcore/call/stream.go:187.21,189.3 1 1
