mode: set
github.com/tokflux/fluxcore/errors/classify.go:34.39,35.11 1 1
github.com/tokflux/fluxcore/errors/classify.go:36.85,37.14 1 1
github.com/tokflux/fluxcore/errors/classify.go:38.10,39.15 1 1
github.com/tokflux/fluxcore/errors/classify.go:51.42,52.23 1 1
github.com/tokflux/fluxcore/errors/classify.go:52.23,54.3 1 1
github.com/tokflux/fluxcore/errors/classify.go:55.2,55.50 1 1
github.com/tokflux/fluxcore/errors/classify.go:58.42,60.2 1 1
github.com/tokflux/fluxcore/errors/classify.go:63.59,68.2 1 1
github.com/tokflux/fluxcore/errors/classify.go:71.76,77.2 1 1
github.com/tokflux/fluxcore/errors/classify.go:80.70,84.77 2 1
github.com/tokflux/fluxcore/errors/classify.go:84.77,86.3 1 1
github.com/tokflux/fluxcore/errors/classify.go:86.8,87.10 1 1
github.com/tokflux/fluxcore/errors/classify.go:88.26,89.24 1 1
github.com/tokflux/fluxcore/errors/classify.go:90.26,91.26 1 1
github.com/tokflux/fluxcore/errors/classify.go:92.47,93.24 1 1
github.com/tokflux/fluxcore/errors/classify.go:94.46,96.29 1 1
github.com/tokflux/fluxcore/errors/classify.go:97.11,98.26 1 0
github.com/tokflux/fluxcore/errors/classify.go:102.2,103.16 2 1
github.com/tokflux/fluxcore/errors/classify.go:103.16,105.3 1 1
github.com/tokflux/fluxcore/errors/classify.go:107.2,111.3 1 1
github.com/tokflux/fluxcore/errors/classify.go:115.51,116.16 1 1
github.com/tokflux/fluxcore/errors/classify.go:116.16,118.3 1 1
github.com/tokflux/fluxcore/errors/classify.go:121.2,121.25 1 1
github.com/tokflux/fluxcore/errors/classify.go:121.25,123.3 1 1
github.com/tokflux/fluxcore/errors/classify.go:126.2,126.21 1 1
github.com/tokflux/fluxcore/errors/classify.go:126.21,128.3 1 1
github.com/tokflux/fluxcore/errors/classify.go:131.2,131.28 1 1
github.com/tokflux/fluxcore/errors/classify.go:131.28,133.3 1 1
github.com/tokflux/fluxcore/errors/classify.go:136.2,136.53 1 1
github.com/tokflux/fluxcore/errors/classify.go:141.37,143.49 1 1
github.com/tokflux/fluxcore/errors/classify.go:143.49,145.3 1 1
github.com/tokflux/fluxcore/errors/classify.go:147.2,148.52 2 1
github.com/tokflux/fluxcore/errors/classify.go:148.52,150.3 1 0
github.com/tokflux/fluxcore/errors/classify.go:152.2,155.44 2 1
github.com/tokflux/fluxcore/errors/classify.go:158.33,161.32 2 1
github.com/tokflux/fluxcore/errors/classify.go:161.32,163.3 1 1
github.com/tokflux/fluxcore/errors/classify.go:164.2,166.31 2 1
github.com/tokflux/fluxcore/errors/classify.go:169.40,172.53 2 1
github.com/tokflux/fluxcore/errors/classify.go:172.53,174.3 1 0
github.com/tokflux/fluxcore/errors/classify.go:176.2,179.50 2 1
github.com/tokflux/fluxcore/errors/classify.go:182.51,183.25 1 1
github.com/tokflux/fluxcore/errors/classify.go:183.25,185.3 1 1
github.com/tokflux/fluxcore/errors/classify.go:186.2,186.30 1 1
github.com/tokflux/fluxcore/errors/classify.go:190.34,192.36 2 1
github.com/tokflux/fluxcore/errors/classify.go:192.36,194.3 1 0
github.com/tokflux/fluxcore/errors/classify.go:196.2,196.14 1 1
github.com/tokflux/fluxcore/errors/classify.go:200.35,202.36 2 1
github.com/tokflux/fluxcore/errors/classify.go:202.36,204.3 1 0
github.com/tokflux/fluxcore/errors/classify.go:205.2,205.25 1 1
