mode: set
github.com/tokflux/fluxcore/routing/endpoint.go:26.63,27.22 1 0
github.com/tokflux/fluxcore/routing/endpoint.go:27.22,29.3 1 0
github.com/tokflux/fluxcore/routing/endpoint.go:30.2,30.28 1 0
github.com/tokflux/fluxcore/routing/endpoint.go:30.28,32.3 1 0
github.com/tokflux/fluxcore/routing/endpoint.go:33.2,33.10 1 0
github.com/tokflux/fluxcore/routing/endpoint.go:63.94,65.2 1 0
github.com/tokflux/fluxcore/routing/endpoint.go:68.135,82.2 6 0
github.com/tokflux/fluxcore/routing/endpoint.go:86.49,87.30 1 1
github.com/tokflux/fluxcore/routing/endpoint.go:87.30,89.25 2 1
github.com/tokflux/fluxcore/routing/endpoint.go:89.25,91.4 1 1
github.com/tokflux/fluxcore/routing/endpoint.go:92.3,93.25 2 1
github.com/tokflux/fluxcore/routing/endpoint.go:93.25,95.4 1 1
github.com/tokflux/fluxcore/routing/endpoint.go:96.3,97.62 2 1
github.com/tokflux/fluxcore/routing/endpoint.go:99.2,99.14 1 1
github.com/tokflux/fluxcore/routing/endpoint.go:104.39,106.2 1 0
github.com/tokflux/fluxcore/routing/endpoint.go:109.35,113.2 3 1
github.com/tokflux/fluxcore/routing/endpoint.go:116.32,119.20 3 1
github.com/tokflux/fluxcore/routing/endpoint.go:119.20,121.3 1 1
github.com/tokflux/fluxcore/routing/endpoint.go:122.2,122.28 1 1
github.com/tokflux/fluxcore/routing/endpoint.go:122.28,124.3 1 1
github.com/tokflux/fluxcore/routing/endpoint.go:125.2,125.53 1 1
github.com/tokflux/fluxcore/routing/endpoint.go:129.46,131.2 1 1
github.com/tokflux/fluxcore/routing/endpoint.go:134.38,136.2 1 1
github.com/tokflux/fluxcore/routing/endpoint.go:139.39,141.2 1 1
github.com/tokflux/fluxcore/routing/endpoint.go:144.46,146.2 1 1
github.com/tokflux/fluxcore/routing/endpoint.go:149.42,151.16 2 0
github.com/tokflux/fluxcore/routing/endpoint.go:151.16,153.3 1 0
github.com/tokflux/fluxcore/routing/endpoint.go:154.2,154.28 1 0
github.com/tokflux/fluxcore/routing/endpoint.go:159.38,161.19 1 1
github.com/tokflux/fluxcore/routing/endpoint.go:161.19,163.3 1 1
github.com/tokflux/fluxcore/routing/endpoint.go:164.2,164.26 1 1
github.com/tokflux/fluxcore/routing/endpoint.go:164.26,166.3 1 1
github.com/tokflux/fluxcore/routing/endpoint.go:167.2,168.16 2 1
github.com/tokflux/fluxcore/routing/endpoint.go:168.16,170.3 1 0
github.com/tokflux/fluxcore/routing/endpoint.go:171.2,171.47 1 1
github.com/tokflux/fluxcore/routing/endpoint.go:171.47,173.3 1 1
github.com/tokflux/fluxcore/routing/endpoint.go:175.2,175.39 1 1
github.com/tokflux/fluxcore/routing/endpoint.go:175.39,177.3 1 0
github.com/tokflux/fluxcore/routing/endpoint.go:179.2,179.25 1 1
github.com/tokflux/fluxcore/routing/endpoint.go:179.25,181.3 1 1
github.com/tokflux/fluxcore/routing/endpoint.go:184.2,184.20 1 1
github.com/tokflux/fluxcore/routing/endpoint.go:184.20,186.3 1 0
github.com/tokflux/fluxcore/routing/endpoint.go:187.2,187.23 1 1
github.com/tokflux/fluxcore/routing/endpoint.go:187.23,189.3 1 0
github.com/tokflux/fluxcore/routing/endpoint.go:190.2,190.24 1 1
github.com/tokflux/fluxcore/routing/endpoint.go:190.24,192.3 1 0
github.com/tokflux/fluxcore/routing/endpoint.go:193.2,193.22 1 1
github.com/tokflux/fluxcore/routing/endpoint.go:193.22,195.3 1 0
github.com/tokflux/fluxcore/routing/endpoint.go:197.2,197.12 1 1
github.com/tokflux/fluxcore/routing/endpoint.go:205.36,206.33 1 1
github.com/tokflux/fluxcore/routing/endpoint.go:206.33,207.16 1 1
github.com/tokflux/fluxcore/routing/endpoint.go:207.16,209.4 1 1
github.com/tokflux/fluxcore/routing/endpoint.go:213.2,214.15 2 1
github.com/tokflux/fluxcore/routing/endpoint.go:214.15,216.3 1 1
github.com/tokflux/fluxcore/routing/endpoint.go:219.2,219.14 1 1
github.com/tokflux/fluxcore/routing/endpoint.go:223.38,225.2 1 1
github.com/tokflux/fluxcore/routing/key.go:15.35,16.11 1 0
github.com/tokflux/fluxcore/routing/key.go:17.22,18.18 1 0
github.com/tokflux/fluxcore/routing/key.go:19.25,20.21 1 0
github.com/tokflux/fluxcore/routing/key.go:21.22,22.18 1 0
github.com/tokflux/fluxcore/routing/key.go:23.22,24.18 1 0
github.com/tokflux/fluxcore/routing/key.go:25.10,26.19 1 0
github.com/tokflux/fluxcore/routing/key.go:31.39,33.2 1 1
github.com/tokflux/fluxcore/routing/pool.go:15.73,16.19 1 1
github.com/tokflux/fluxcore/routing/pool.go:16.19,18.3 1 0
github.com/tokflux/fluxcore/routing/pool.go:20.2,26.44 2 1
github.com/tokflux/fluxcore/routing/pool.go:26.44,28.3 1 1
github.com/tokflux/fluxcore/routing/pool.go:30.2,30.13 1 1
github.com/tokflux/fluxcore/routing/pool.go:34.46,36.2 1 1
github.com/tokflux/fluxcore/routing/pool.go:39.39,41.2 1 1
github.com/tokflux/fluxcore/routing/pool.go:44.47,48.6 2 1
github.com/tokflux/fluxcore/routing/pool.go:48.6,50.20 2 1
github.com/tokflux/fluxcore/routing/pool.go:50.20,51.9 1 1
github.com/tokflux/fluxcore/routing/pool.go:54.3,55.19 2 1
github.com/tokflux/fluxcore/routing/pool.go:55.19,56.9 1 1
github.com/tokflux/fluxcore/routing/pool.go:59.3,59.50 1 1
github.com/tokflux/fluxcore/routing/pool.go:59.50,60.9 1 1
github.com/tokflux/fluxcore/routing/pool.go:66.73,71.34 4 1
github.com/tokflux/fluxcore/routing/pool.go:71.34,72.50 1 1
github.com/tokflux/fluxcore/routing/pool.go:72.50,74.4 1 1
github.com/tokflux/fluxcore/routing/pool.go:76.2,76.29 1 1
github.com/tokflux/fluxcore/routing/pool.go:80.47,85.34 4 1
github.com/tokflux/fluxcore/routing/pool.go:85.34,86.33 1 1
github.com/tokflux/fluxcore/routing/pool.go:86.33,88.4 1 1
github.com/tokflux/fluxcore/routing/pool.go:90.2,90.29 1 1
github.com/tokflux/fluxcore/routing/pool.go:94.48,100.2 5 0
github.com/tokflux/fluxcore/routing/selector.go:12.50,13.25 1 1
github.com/tokflux/fluxcore/routing/selector.go:13.25,15.3 1 1
github.com/tokflux/fluxcore/routing/selector.go:16.2,16.60 1 1
github.com/tokflux/fluxcore/routing/selector.go:16.60,19.23 3 1
github.com/tokflux/fluxcore/routing/selector.go:19.23,21.23 1 1
github.com/tokflux/fluxcore/routing/selector.go:21.23,23.5 1 1
github.com/tokflux/fluxcore/routing/selector.go:24.4,24.12 1 1
github.com/tokflux/fluxcore/routing/selector.go:27.3,27.35 1 1
