mode: set
github.com/tokflux/fluxcore/internal/translate/anthropic.go:50.81,52.58 2 1
github.com/tokflux/fluxcore/internal/translate/anthropic.go:52.58,54.3 1 0
github.com/tokflux/fluxcore/internal/translate/anthropic.go:56.2,65.21 2 1
github.com/tokflux/fluxcore/internal/translate/anthropic.go:65.21,70.3 1 0
github.com/tokflux/fluxcore/internal/translate/anthropic.go:73.2,73.32 1 1
github.com/tokflux/fluxcore/internal/translate/anthropic.go:73.32,79.64 3 1
github.com/tokflux/fluxcore/internal/translate/anthropic.go:79.64,81.4 1 1
github.com/tokflux/fluxcore/internal/translate/anthropic.go:81.9,84.61 2 1
github.com/tokflux/fluxcore/internal/translate/anthropic.go:84.61,85.30 1 1
github.com/tokflux/fluxcore/internal/translate/anthropic.go:85.30,86.42 1 1
github.com/tokflux/fluxcore/internal/translate/anthropic.go:86.42,88.7 1 1
github.com/tokflux/fluxcore/internal/translate/anthropic.go:93.3,96.5 1 1
github.com/tokflux/fluxcore/internal/translate/anthropic.go:99.2,99.17 1 1
github.com/tokflux/fluxcore/internal/translate/anthropic.go:103.77,110.25 2 1
github.com/tokflux/fluxcore/internal/translate/anthropic.go:110.25,112.3 1 0
github.com/tokflux/fluxcore/internal/translate/anthropic.go:113.2,113.18 1 1
github.com/tokflux/fluxcore/internal/translate/anthropic.go:113.18,115.3 1 0
github.com/tokflux/fluxcore/internal/translate/anthropic.go:118.2,118.35 1 1
github.com/tokflux/fluxcore/internal/translate/anthropic.go:118.35,119.51 1 1
github.com/tokflux/fluxcore/internal/translate/anthropic.go:119.51,120.62 1 0
github.com/tokflux/fluxcore/internal/translate/anthropic.go:120.62,121.52 1 0
github.com/tokflux/fluxcore/internal/translate/anthropic.go:121.52,123.6 1 0
github.com/tokflux/fluxcore/internal/translate/anthropic.go:129.2,130.35 2 1
github.com/tokflux/fluxcore/internal/translate/anthropic.go:130.35,131.27 1 1
github.com/tokflux/fluxcore/internal/translate/anthropic.go:131.27,132.12 1 0
github.com/tokflux/fluxcore/internal/translate/anthropic.go:136.3,137.33 2 1
github.com/tokflux/fluxcore/internal/translate/anthropic.go:137.33,138.24 1 1
github.com/tokflux/fluxcore/internal/translate/anthropic.go:138.24,139.39 1 1
github.com/tokflux/fluxcore/internal/translate/anthropic.go:139.39,144.6 1 1
github.com/tokflux/fluxcore/internal/translate/anthropic.go:148.3,151.5 1 1
github.com/tokflux/fluxcore/internal/translate/anthropic.go:153.2,155.26 2 1
github.com/tokflux/fluxcore/internal/translate/anthropic.go:159.88,161.50 2 1
github.com/tokflux/fluxcore/internal/translate/anthropic.go:161.50,163.3 1 0
github.com/tokflux/fluxcore/internal/translate/anthropic.go:165.2,172.35 3 1
github.com/tokflux/fluxcore/internal/translate/anthropic.go:172.35,173.27 1 1
github.com/tokflux/fluxcore/internal/translate/anthropic.go:173.27,175.4 1 1
github.com/tokflux/fluxcore/internal/translate/anthropic.go:177.2,185.21 3 1
github.com/tokflux/fluxcore/internal/translate/anthropic.go:185.21,192.3 1 1
github.com/tokflux/fluxcore/internal/translate/anthropic.go:194.2,194.18 1 1
github.com/tokflux/fluxcore/internal/translate/anthropic.go:198.80,201.27 3 1
github.com/tokflux/fluxcore/internal/translate/anthropic.go:201.27,202.53 1 1
github.com/tokflux/fluxcore/internal/translate/anthropic.go:202.53,203.24 1 1
github.com/tokflux/fluxcore/internal/translate/anthropic.go:203.24,204.39 1 1
github.com/tokflux/fluxcore/internal/translate/anthropic.go:204.39,206.6 1 1
github.com/tokflux/fluxcore/internal/translate/anthropic.go:209.3,209.46 1 1
github.com/tokflux/fluxcore/internal/translate/anthropic.go:211.2,227.23 3 1
github.com/tokflux/fluxcore/internal/translate/anthropic.go:227.23,232.3 1 1
github.com/tokflux/fluxcore/internal/translate/anthropic.go:234.2,234.26 1 1
github.com/tokflux/fluxcore/internal/translate/anthropic.go:247.67,248.29 1 1
github.com/tokflux/fluxcore/internal/translate/anthropic.go:248.29,250.3 1 1
github.com/tokflux/fluxcore/internal/translate/anthropic.go:252.2,256.29 3 1
github.com/tokflux/fluxcore/internal/translate/anthropic.go:256.29,267.3 3 1
github.com/tokflux/fluxcore/internal/translate/anthropic.go:270.2,270.35 1 1
github.com/tokflux/fluxcore/internal/translate/anthropic.go:270.35,272.42 2 1
github.com/tokflux/fluxcore/internal/translate/anthropic.go:272.42,273.24 1 1
github.com/tokflux/fluxcore/internal/translate/anthropic.go:273.24,275.5 1 1
github.com/tokflux/fluxcore/internal/translate/anthropic.go:277.3,277.17 1 1
github.com/tokflux/fluxcore/internal/translate/anthropic.go:277.17,288.4 3 1
github.com/tokflux/fluxcore/internal/translate/anthropic.go:292.2,292.32 1 1
github.com/tokflux/fluxcore/internal/translate/anthropic.go:292.32,299.25 2 1
github.com/tokflux/fluxcore/internal/translate/anthropic.go:299.25,303.4 1 1
github.com/tokflux/fluxcore/internal/translate/anthropic.go:304.3,305.78 2 1
github.com/tokflux/fluxcore/internal/translate/anthropic.go:308.2,308.15 1 1
github.com/tokflux/fluxcore/internal/translate/anthropic.go:312.50,314.53 2 1
github.com/tokflux/fluxcore/internal/translate/anthropic.go:314.53,316.3 1 1
github.com/tokflux/fluxcore/internal/translate/anthropic.go:318.2,318.20 1 1
github.com/tokflux/fluxcore/internal/translate/anthropic.go:319.29,321.52 2 1
github.com/tokflux/fluxcore/internal/translate/anthropic.go:321.52,323.4 1 1
github.com/tokflux/fluxcore/internal/translate/anthropic.go:324.3,338.50 3 1
github.com/tokflux/fluxcore/internal/translate/anthropic.go:340.23,342.56 2 1
github.com/tokflux/fluxcore/internal/translate/anthropic.go:342.56,344.4 1 1
github.com/tokflux/fluxcore/internal/translate/anthropic.go:345.3,356.25 2 1
github.com/tokflux/fluxcore/internal/translate/anthropic.go:356.25,360.4 1 1
github.com/tokflux/fluxcore/internal/translate/anthropic.go:361.3,362.50 2 1
github.com/tokflux/fluxcore/internal/translate/anthropic.go:364.23,366.13 1 1
github.com/tokflux/fluxcore/internal/translate/anthropic.go:368.10,369.13 1 1
github.com/tokflux/fluxcore/internal/translate/cohere.go:11.13,13.2 1 1
github.com/tokflux/fluxcore/internal/translate/cohere.go:73.78,75.58 2 1
github.com/tokflux/fluxcore/internal/translate/cohere.go:75.58,77.3 1 0
github.com/tokflux/fluxcore/internal/translate/cohere.go:79.2,87.23 2 1
github.com/tokflux/fluxcore/internal/translate/cohere.go:87.23,92.3 1 1
github.com/tokflux/fluxcore/internal/translate/cohere.go:95.2,95.35 1 1
github.com/tokflux/fluxcore/internal/translate/cohere.go:95.35,98.21 2 1
github.com/tokflux/fluxcore/internal/translate/cohere.go:98.21,100.4 1 1
github.com/tokflux/fluxcore/internal/translate/cohere.go:100.9,100.31 1 1
github.com/tokflux/fluxcore/internal/translate/cohere.go:100.31,102.4 1 1
github.com/tokflux/fluxcore/internal/translate/cohere.go:104.3,104.22 1 1
github.com/tokflux/fluxcore/internal/translate/cohere.go:104.22,109.4 1 1
github.com/tokflux/fluxcore/internal/translate/cohere.go:113.2,113.22 1 1
github.com/tokflux/fluxcore/internal/translate/cohere.go:113.22,118.3 1 1
github.com/tokflux/fluxcore/internal/translate/cohere.go:120.2,120.17 1 1
github.com/tokflux/fluxcore/internal/translate/cohere.go:124.74,130.23 2 1
github.com/tokflux/fluxcore/internal/translate/cohere.go:130.23,132.3 1 1
github.com/tokflux/fluxcore/internal/translate/cohere.go:133.2,133.25 1 1
github.com/tokflux/fluxcore/internal/translate/cohere.go:133.25,135.3 1 1
github.com/tokflux/fluxcore/internal/translate/cohere.go:136.2,136.18 1 1
github.com/tokflux/fluxcore/internal/translate/cohere.go:136.18,138.3 1 1
github.com/tokflux/fluxcore/internal/translate/cohere.go:139.2,139.16 1 1
github.com/tokflux/fluxcore/internal/translate/cohere.go:139.16,141.3 1 1
github.com/tokflux/fluxcore/internal/translate/cohere.go:144.2,144.35 1 1
github.com/tokflux/fluxcore/internal/translate/cohere.go:144.35,145.51 1 1
github.com/tokflux/fluxcore/internal/translate/cohere.go:145.51,146.62 1 1
github.com/tokflux/fluxcore/internal/translate/cohere.go:146.62,147.52 1 1
github.com/tokflux/fluxcore/internal/translate/cohere.go:147.52,149.6 1 1
github.com/tokflux/fluxcore/internal/translate/cohere.go:151.4,151.9 1 1
github.com/tokflux/fluxcore/internal/translate/cohere.go:156.2,159.35 3 1
github.com/tokflux/fluxcore/internal/translate/cohere.go:159.35,160.27 1 1
github.com/tokflux/fluxcore/internal/translate/cohere.go:160.27,161.12 1 1
github.com/tokflux/fluxcore/internal/translate/cohere.go:164.3,165.26 2 1
github.com/tokflux/fluxcore/internal/translate/cohere.go:165.26,167.4 1 1
github.com/tokflux/fluxcore/internal/translate/cohere.go:167.9,167.28 1 1
github.com/tokflux/fluxcore/internal/translate/cohere.go:167.28,169.4 1 1
github.com/tokflux/fluxcore/internal/translate/cohere.go:172.3,173.33 2 1
github.com/tokflux/fluxcore/internal/translate/cohere.go:173.33,174.24 1 1
github.com/tokflux/fluxcore/internal/translate/cohere.go:174.24,175.33 1 1
github.com/tokflux/fluxcore/internal/translate/cohere.go:175.33,177.6 1 1
github.com/tokflux/fluxcore/internal/translate/cohere.go:180.3,182.17 2 1
github.com/tokflux/fluxcore/internal/translate/cohere.go:182.17,183.12 1 0
github.com/tokflux/fluxcore/internal/translate/cohere.go:187.3,187.53 1 1
github.com/tokflux/fluxcore/internal/translate/cohere.go:187.53,189.4 1 1
github.com/tokflux/fluxcore/internal/translate/cohere.go:189.9,194.4 1 1
github.com/tokflux/fluxcore/internal/translate/cohere.go:197.2,198.26 2 1
github.com/tokflux/fluxcore/internal/translate/cohere.go:198.26,200.3 1 1
github.com/tokflux/fluxcore/internal/translate/cohere.go:202.2,202.26 1 1
github.com/tokflux/fluxcore/internal/translate/cohere.go:206.85,208.50 2 1
github.com/tokflux/fluxcore/internal/translate/cohere.go:208.50,210.3 1 1
github.com/tokflux/fluxcore/internal/translate/cohere.go:212.2,215.19 2 1
github.com/tokflux/fluxcore/internal/translate/cohere.go:215.19,224.3 1 1
github.com/tokflux/fluxcore/internal/translate/cohere.go:227.2,227.50 1 1
github.com/tokflux/fluxcore/internal/translate/cohere.go:227.50,234.3 1 1
github.com/tokflux/fluxcore/internal/translate/cohere.go:237.2,237.26 1 1
github.com/tokflux/fluxcore/internal/translate/cohere.go:237.26,238.24 1 1
github.com/tokflux/fluxcore/internal/translate/cohere.go:238.24,240.4 1 1
github.com/tokflux/fluxcore/internal/translate/cohere.go:241.3,244.29 4 1
github.com/tokflux/fluxcore/internal/translate/cohere.go:247.2,247.18 1 1
github.com/tokflux/fluxcore/internal/translate/cohere.go:251.77,255.27 3 1
github.com/tokflux/fluxcore/internal/translate/cohere.go:255.27,256.53 1 1
github.com/tokflux/fluxcore/internal/translate/cohere.go:256.53,257.24 1 1
github.com/tokflux/fluxcore/internal/translate/cohere.go:257.24,258.33 1 1
github.com/tokflux/fluxcore/internal/translate/cohere.go:258.33,260.6 1 1
github.com/tokflux/fluxcore/internal/translate/cohere.go:263.3,263.46 1 1
github.com/tokflux/fluxcore/internal/translate/cohere.go:265.2,273.23 3 1
github.com/tokflux/fluxcore/internal/translate/cohere.go:273.23,278.3 1 1
github.com/tokflux/fluxcore/internal/translate/cohere.go:280.2,280.26 1 1
github.com/tokflux/fluxcore/internal/translate/cohere.go:284.47,286.59 2 1
github.com/tokflux/fluxcore/internal/translate/cohere.go:286.59,288.3 1 1
github.com/tokflux/fluxcore/internal/translate/cohere.go:291.2,291.89 1 1
github.com/tokflux/fluxcore/internal/translate/cohere.go:291.89,293.3 1 1
github.com/tokflux/fluxcore/internal/translate/cohere.go:295.2,310.28 2 1
github.com/tokflux/fluxcore/internal/translate/cohere.go:310.28,312.25 2 1
github.com/tokflux/fluxcore/internal/translate/cohere.go:312.25,314.4 1 0
github.com/tokflux/fluxcore/internal/translate/cohere.go:315.3,315.48 1 1
github.com/tokflux/fluxcore/internal/translate/cohere.go:318.2,318.35 1 1
github.com/tokflux/fluxcore/internal/translate/cohere.go:318.35,323.3 1 1
github.com/tokflux/fluxcore/internal/translate/cohere.go:325.2,326.49 2 1
github.com/tokflux/fluxcore/internal/translate/cohere.go:330.62,331.29 1 1
github.com/tokflux/fluxcore/internal/translate/cohere.go:331.29,333.3 1 0
github.com/tokflux/fluxcore/internal/translate/cohere.go:335.2,339.41 3 1
github.com/tokflux/fluxcore/internal/translate/cohere.go:339.41,340.23 1 1
github.com/tokflux/fluxcore/internal/translate/cohere.go:340.23,341.32 1 1
github.com/tokflux/fluxcore/internal/translate/cohere.go:341.32,343.5 1 1
github.com/tokflux/fluxcore/internal/translate/cohere.go:346.2,353.32 3 1
github.com/tokflux/fluxcore/internal/translate/cohere.go:353.32,357.3 3 0
github.com/tokflux/fluxcore/internal/translate/cohere.go:359.2,359.24 1 1
github.com/tokflux/fluxcore/internal/translate/cohere.go:359.24,364.3 1 0
github.com/tokflux/fluxcore/internal/translate/cohere.go:366.2,367.49 2 1
github.com/tokflux/fluxcore/internal/translate/cohere.go:371.66,373.54 2 1
github.com/tokflux/fluxcore/internal/translate/cohere.go:373.54,375.3 1 0
github.com/tokflux/fluxcore/internal/translate/cohere.go:378.2,378.79 1 1
github.com/tokflux/fluxcore/internal/translate/cohere.go:378.79,380.3 1 0
github.com/tokflux/fluxcore/internal/translate/cohere.go:382.2,386.23 2 1
github.com/tokflux/fluxcore/internal/translate/cohere.go:386.23,396.3 1 1
github.com/tokflux/fluxcore/internal/translate/cohere.go:398.2,398.23 1 1
github.com/tokflux/fluxcore/internal/translate/cohere.go:398.23,400.25 2 0
github.com/tokflux/fluxcore/internal/translate/cohere.go:400.25,402.4 1 0
github.com/tokflux/fluxcore/internal/translate/cohere.go:403.3,403.30 1 0
github.com/tokflux/fluxcore/internal/translate/cohere.go:403.30,405.4 1 0
github.com/tokflux/fluxcore/internal/translate/cohere.go:406.3,406.48 1 0
github.com/tokflux/fluxcore/internal/translate/cohere.go:409.2,409.30 1 1
github.com/tokflux/fluxcore/internal/translate/cohere.go:409.30,414.3 1 0
github.com/tokflux/fluxcore/internal/translate/cohere.go:416.2,416.19 1 1
github.com/tokflux/fluxcore/internal/translate/gemini.go:11.13,13.2 1 1
github.com/tokflux/fluxcore/internal/translate/gemini.go:76.78,78.58 2 1
github.com/tokflux/fluxcore/internal/translate/gemini.go:78.58,80.3 1 0
github.com/tokflux/fluxcore/internal/translate/gemini.go:82.2,85.32 2 1
github.com/tokflux/fluxcore/internal/translate/gemini.go:85.32,89.3 3 1
github.com/tokflux/fluxcore/internal/translate/gemini.go:92.2,92.33 1 1
github.com/tokflux/fluxcore/internal/translate/gemini.go:92.33,94.51 2 1
github.com/tokflux/fluxcore/internal/translate/gemini.go:94.51,96.4 1 1
github.com/tokflux/fluxcore/internal/translate/gemini.go:97.3,98.23 2 1
github.com/tokflux/fluxcore/internal/translate/gemini.go:98.23,103.4 1 1
github.com/tokflux/fluxcore/internal/translate/gemini.go:107.2,107.32 1 1
github.com/tokflux/fluxcore/internal/translate/gemini.go:107.32,110.22 2 1
github.com/tokflux/fluxcore/internal/translate/gemini.go:110.22,112.4 1 1
github.com/tokflux/fluxcore/internal/translate/gemini.go:114.3,115.32 2 1
github.com/tokflux/fluxcore/internal/translate/gemini.go:115.32,116.23 1 1
github.com/tokflux/fluxcore/internal/translate/gemini.go:116.23,118.5 1 1
github.com/tokflux/fluxcore/internal/translate/gemini.go:121.3,124.5 1 1
github.com/tokflux/fluxcore/internal/translate/gemini.go:127.2,127.17 1 1
github.com/tokflux/fluxcore/internal/translate/gemini.go:131.74,138.23 3 1
github.com/tokflux/fluxcore/internal/translate/gemini.go:138.23,140.3 1 1
github.com/tokflux/fluxcore/internal/translate/gemini.go:141.2,141.25 1 1
github.com/tokflux/fluxcore/internal/translate/gemini.go:141.25,143.3 1 1
github.com/tokflux/fluxcore/internal/translate/gemini.go:144.2,144.18 1 1
github.com/tokflux/fluxcore/internal/translate/gemini.go:144.18,146.3 1 1
github.com/tokflux/fluxcore/internal/translate/gemini.go:147.2,147.17 1 1
github.com/tokflux/fluxcore/internal/translate/gemini.go:147.17,149.3 1 1
github.com/tokflux/fluxcore/internal/translate/gemini.go:152.2,152.35 1 1
github.com/tokflux/fluxcore/internal/translate/gemini.go:152.35,153.51 1 1
github.com/tokflux/fluxcore/internal/translate/gemini.go:153.51,155.34 2 1
github.com/tokflux/fluxcore/internal/translate/gemini.go:155.34,156.25 1 1
github.com/tokflux/fluxcore/internal/translate/gemini.go:156.25,157.40 1 1
github.com/tokflux/fluxcore/internal/translate/gemini.go:157.40,159.7 1 1
github.com/tokflux/fluxcore/internal/translate/gemini.go:162.4,162.22 1 1
github.com/tokflux/fluxcore/internal/translate/gemini.go:162.22,164.5 1 1
github.com/tokflux/fluxcore/internal/translate/gemini.go:165.4,165.9 1 1
github.com/tokflux/fluxcore/internal/translate/gemini.go:170.2,171.35 2 1
github.com/tokflux/fluxcore/internal/translate/gemini.go:171.35,172.27 1 1
github.com/tokflux/fluxcore/internal/translate/gemini.go:172.27,173.12 1 1
github.com/tokflux/fluxcore/internal/translate/gemini.go:176.3,177.26 2 1
github.com/tokflux/fluxcore/internal/translate/gemini.go:177.26,179.4 1 1
github.com/tokflux/fluxcore/internal/translate/gemini.go:181.3,182.33 2 1
github.com/tokflux/fluxcore/internal/translate/gemini.go:182.33,183.24 1 1
github.com/tokflux/fluxcore/internal/translate/gemini.go:183.24,184.39 1 1
github.com/tokflux/fluxcore/internal/translate/gemini.go:184.39,186.6 1 1
github.com/tokflux/fluxcore/internal/translate/gemini.go:190.3,190.21 1 1
github.com/tokflux/fluxcore/internal/translate/gemini.go:190.21,195.4 1 1
github.com/tokflux/fluxcore/internal/translate/gemini.go:197.2,199.26 2 1
github.com/tokflux/fluxcore/internal/translate/gemini.go:203.85,205.50 2 1
github.com/tokflux/fluxcore/internal/translate/gemini.go:205.50,207.3 1 0
github.com/tokflux/fluxcore/internal/translate/gemini.go:209.2,212.34 2 1
github.com/tokflux/fluxcore/internal/translate/gemini.go:212.34,214.40 2 1
github.com/tokflux/fluxcore/internal/translate/gemini.go:214.40,216.4 1 1
github.com/tokflux/fluxcore/internal/translate/gemini.go:217.3,226.5 2 1
github.com/tokflux/fluxcore/internal/translate/gemini.go:230.2,230.29 1 1
github.com/tokflux/fluxcore/internal/translate/gemini.go:230.29,237.3 1 1
github.com/tokflux/fluxcore/internal/translate/gemini.go:239.2,239.18 1 1
github.com/tokflux/fluxcore/internal/translate/gemini.go:243.77,246.38 2 1
github.com/tokflux/fluxcore/internal/translate/gemini.go:246.38,248.44 2 1
github.com/tokflux/fluxcore/internal/translate/gemini.go:248.44,249.24 1 1
github.com/tokflux/fluxcore/internal/translate/gemini.go:249.24,250.39 1 1
github.com/tokflux/fluxcore/internal/translate/gemini.go:250.39,252.6 1 1
github.com/tokflux/fluxcore/internal/translate/gemini.go:256.3,263.5 1 1
github.com/tokflux/fluxcore/internal/translate/gemini.go:266.2,270.23 2 1
github.com/tokflux/fluxcore/internal/translate/gemini.go:270.23,276.3 1 1
github.com/tokflux/fluxcore/internal/translate/gemini.go:278.2,278.26 1 1
github.com/tokflux/fluxcore/internal/translate/gemini.go:282.47,284.59 2 1
github.com/tokflux/fluxcore/internal/translate/gemini.go:284.59,286.3 1 1
github.com/tokflux/fluxcore/internal/translate/gemini.go:288.2,288.38 1 1
github.com/tokflux/fluxcore/internal/translate/gemini.go:288.38,290.3 1 0
github.com/tokflux/fluxcore/internal/translate/gemini.go:292.2,296.47 3 1
github.com/tokflux/fluxcore/internal/translate/gemini.go:296.47,297.22 1 1
github.com/tokflux/fluxcore/internal/translate/gemini.go:297.22,299.4 1 1
github.com/tokflux/fluxcore/internal/translate/gemini.go:302.2,317.34 2 1
github.com/tokflux/fluxcore/internal/translate/gemini.go:317.34,319.3 1 1
github.com/tokflux/fluxcore/internal/translate/gemini.go:321.2,321.38 1 1
github.com/tokflux/fluxcore/internal/translate/gemini.go:321.38,326.3 1 1
github.com/tokflux/fluxcore/internal/translate/gemini.go:328.2,329.49 2 1
github.com/tokflux/fluxcore/internal/translate/gemini.go:333.62,334.29 1 1
github.com/tokflux/fluxcore/internal/translate/gemini.go:334.29,336.3 1 0
github.com/tokflux/fluxcore/internal/translate/gemini.go:338.2,342.41 3 1
github.com/tokflux/fluxcore/internal/translate/gemini.go:342.41,343.23 1 1
github.com/tokflux/fluxcore/internal/translate/gemini.go:343.23,344.38 1 1
github.com/tokflux/fluxcore/internal/translate/gemini.go:344.38,346.5 1 1
github.com/tokflux/fluxcore/internal/translate/gemini.go:350.2,362.32 2 1
github.com/tokflux/fluxcore/internal/translate/gemini.go:362.32,365.3 2 0
github.com/tokflux/fluxcore/internal/translate/gemini.go:367.2,367.24 1 1
github.com/tokflux/fluxcore/internal/translate/gemini.go:367.24,372.3 1 0
github.com/tokflux/fluxcore/internal/translate/gemini.go:374.2,375.49 2 1
github.com/tokflux/fluxcore/internal/translate/gemini.go:379.66,381.54 2 1
github.com/tokflux/fluxcore/internal/translate/gemini.go:381.54,383.3 1 0
github.com/tokflux/fluxcore/internal/translate/gemini.go:385.2,389.32 2 1
github.com/tokflux/fluxcore/internal/translate/gemini.go:389.32,392.40 3 1
github.com/tokflux/fluxcore/internal/translate/gemini.go:392.40,393.23 1 1
github.com/tokflux/fluxcore/internal/translate/gemini.go:393.23,395.5 1 1
github.com/tokflux/fluxcore/internal/translate/gemini.go:397.3,406.27 2 1
github.com/tokflux/fluxcore/internal/translate/gemini.go:406.27,408.4 1 0
github.com/tokflux/fluxcore/internal/translate/gemini.go:411.2,411.33 1 1
github.com/tokflux/fluxcore/internal/translate/gemini.go:411.33,416.3 1 0
github.com/tokflux/fluxcore/internal/translate/gemini.go:418.2,418.19 1 1
github.com/tokflux/fluxcore/internal/translate/sse.go:20.61,22.2 1 1
github.com/tokflux/fluxcore/internal/translate/sse.go:25.48,27.2 1 1
github.com/tokflux/fluxcore/internal/translate/sse.go:56.120,59.12 2 1
github.com/tokflux/fluxcore/internal/translate/sse.go:59.12,67.7 6 1
github.com/tokflux/fluxcore/internal/translate/sse.go:67.7,68.11 1 1
github.com/tokflux/fluxcore/internal/translate/sse.go:69.22,72.11 3 1
github.com/tokflux/fluxcore/internal/translate/sse.go:73.12,73.12 0 1
github.com/tokflux/fluxcore/internal/translate/sse.go:76.4,77.13 2 1
github.com/tokflux/fluxcore/internal/translate/sse.go:77.13,85.39 6 1
github.com/tokflux/fluxcore/internal/translate/sse.go:85.39,88.33 3 1
github.com/tokflux/fluxcore/internal/translate/sse.go:88.33,90.7 1 1
github.com/tokflux/fluxcore/internal/translate/sse.go:94.4,94.22 1 1
github.com/tokflux/fluxcore/internal/translate/sse.go:94.22,95.26 1 1
github.com/tokflux/fluxcore/internal/translate/sse.go:95.26,98.6 2 0
github.com/tokflux/fluxcore/internal/translate/sse.go:99.5,101.11 3 1
github.com/tokflux/fluxcore/internal/translate/sse.go:106.2,106.11 1 1
github.com/tokflux/fluxcore/internal/translate/sse.go:109.102,112.39 2 1
github.com/tokflux/fluxcore/internal/translate/sse.go:112.39,115.26 2 1
github.com/tokflux/fluxcore/internal/translate/sse.go:115.26,122.4 3 1
github.com/tokflux/fluxcore/internal/translate/sse.go:124.3,125.20 2 1
github.com/tokflux/fluxcore/internal/translate/sse.go:125.20,127.18 2 1
github.com/tokflux/fluxcore/internal/translate/sse.go:127.18,131.5 3 0
github.com/tokflux/fluxcore/internal/translate/sse.go:132.4,132.20 1 1
github.com/tokflux/fluxcore/internal/translate/sse.go:132.20,134.5 1 0
github.com/tokflux/fluxcore/internal/translate/sse.go:135.4,141.26 2 1
github.com/tokflux/fluxcore/internal/translate/sse.go:141.26,146.5 4 0
github.com/tokflux/fluxcore/internal/translate/sse.go:147.9,150.66 2 1
github.com/tokflux/fluxcore/internal/translate/sse.go:150.66,154.5 3 1
github.com/tokflux/fluxcore/internal/translate/sse.go:155.4,161.26 2 1
github.com/tokflux/fluxcore/internal/translate/sse.go:161.26,166.5 4 1
github.com/tokflux/fluxcore/internal/translate/sse.go:168.8,168.47 1 1
github.com/tokflux/fluxcore/internal/translate/sse.go:168.47,173.3 1 1
github.com/tokflux/fluxcore/internal/translate/sse.go:175.2,175.15 1 1
github.com/tokflux/fluxcore/internal/translate/sse.go:193.52,193.110 1 1
github.com/tokflux/fluxcore/internal/translate/sse.go:199.74,200.28 1 1
github.com/tokflux/fluxcore/internal/translate/sse.go:200.28,201.32 1 1
github.com/tokflux/fluxcore/internal/translate/sse.go:201.32,203.4 1 1
github.com/tokflux/fluxcore/internal/translate/sse.go:203.9,203.40 1 0
github.com/tokflux/fluxcore/internal/translate/sse.go:203.40,205.4 1 0
github.com/tokflux/fluxcore/internal/translate/sse.go:206.3,206.13 1 0
github.com/tokflux/fluxcore/internal/translate/sse.go:209.2,209.31 1 1
github.com/tokflux/fluxcore/internal/translate/sse.go:209.31,211.3 1 1
github.com/tokflux/fluxcore/internal/translate/sse.go:214.2,214.26 1 1
github.com/tokflux/fluxcore/internal/translate/sse.go:214.26,215.64 1 1
github.com/tokflux/fluxcore/internal/translate/sse.go:215.64,217.4 1 1
github.com/tokflux/fluxcore/internal/translate/sse.go:218.3,218.13 1 1
github.com/tokflux/fluxcore/internal/translate/sse.go:222.2,222.28 1 1
github.com/tokflux/fluxcore/internal/translate/sse.go:222.28,223.65 1 1
github.com/tokflux/fluxcore/internal/translate/sse.go:223.65,225.4 1 1
github.com/tokflux/fluxcore/internal/translate/sse.go:226.3,226.13 1 0
github.com/tokflux/fluxcore/internal/translate/sse.go:230.2,233.36 3 1
github.com/tokflux/fluxcore/internal/translate/sse.go:233.36,235.3 1 0
github.com/tokflux/fluxcore/internal/translate/sse.go:238.2,238.24 1 1
github.com/tokflux/fluxcore/internal/translate/sse.go:238.24,240.3 1 0
github.com/tokflux/fluxcore/internal/translate/sse.go:243.2,243.23 1 1
github.com/tokflux/fluxcore/internal/translate/sse.go:243.23,244.89 1 1
github.com/tokflux/fluxcore/internal/translate/sse.go:244.89,246.31 1 1
github.com/tokflux/fluxcore/internal/translate/sse.go:246.31,248.5 1 1
github.com/tokflux/fluxcore/internal/translate/sse.go:249.4,249.34 1 1
github.com/tokflux/fluxcore/internal/translate/sse.go:253.2,253.12 1 0
github.com/tokflux/fluxcore/internal/translate/sse.go:257.50,258.22 1 1
github.com/tokflux/fluxcore/internal/translate/sse.go:258.22,260.3 1 1
github.com/tokflux/fluxcore/internal/translate/sse.go:261.2,262.27 2 1
github.com/tokflux/fluxcore/internal/translate/sse.go:262.27,264.3 1 1
github.com/tokflux/fluxcore/internal/translate/sse.go:265.2,265.28 1 1
github.com/tokflux/fluxcore/internal/translate/sse.go:269.119,271.23 2 1
github.com/tokflux/fluxcore/internal/translate/sse.go:271.23,273.3 1 1
github.com/tokflux/fluxcore/internal/translate/sse.go:275.2,279.64 4 1
github.com/tokflux/fluxcore/internal/translate/sse.go:279.64,281.3 1 0
github.com/tokflux/fluxcore/internal/translate/sse.go:283.2,283.27 1 1
github.com/tokflux/fluxcore/internal/translate/sse.go:287.75,289.23 2 1
github.com/tokflux/fluxcore/internal/translate/sse.go:289.23,291.3 1 1
github.com/tokflux/fluxcore/internal/translate/sse.go:293.2,297.64 4 1
github.com/tokflux/fluxcore/internal/translate/sse.go:297.64,299.3 1 0
github.com/tokflux/fluxcore/internal/translate/sse.go:301.2,301.61 1 1
github.com/tokflux/fluxcore/internal/translate/sse.go:304.66,305.20 1 1
github.com/tokflux/fluxcore/internal/translate/sse.go:306.19,307.36 1 1
github.com/tokflux/fluxcore/internal/translate/sse.go:308.20,309.45 1 1
github.com/tokflux/fluxcore/internal/translate/sse.go:310.19,311.56 1 1
github.com/tokflux/fluxcore/internal/translate/sse.go:313.2,313.12 1 1
