mode: set
github.com/tokflux/fluxcore/message/content.go:14.34,14.35 0 0
github.com/tokflux/fluxcore/message/content.go:23.35,23.36 0 0
github.com/tokflux/fluxcore/message/content.go:32.35,32.36 0 0
github.com/tokflux/fluxcore/message/content.go:41.48,47.28 3 1
github.com/tokflux/fluxcore/message/content.go:48.16,49.22 1 1
github.com/tokflux/fluxcore/message/content.go:50.17,51.14 1 1
github.com/tokflux/fluxcore/message/content.go:52.17,53.14 1 1
github.com/tokflux/fluxcore/message/content.go:55.2,55.25 1 1
github.com/tokflux/fluxcore/message/content.go:59.52,65.50 3 1
github.com/tokflux/fluxcore/message/content.go:65.50,67.3 1 0
github.com/tokflux/fluxcore/message/content.go:68.2,69.17 2 1
github.com/tokflux/fluxcore/message/content.go:70.14,72.56 2 1
github.com/tokflux/fluxcore/message/content.go:72.56,74.4 1 0
github.com/tokflux/fluxcore/message/content.go:75.3,75.26 1 1
github.com/tokflux/fluxcore/message/content.go:76.15,78.55 2 1
github.com/tokflux/fluxcore/message/content.go:78.55,80.4 1 0
github.com/tokflux/fluxcore/message/content.go:81.3,81.15 1 1
github.com/tokflux/fluxcore/message/content.go:82.15,84.55 2 1
github.com/tokflux/fluxcore/message/content.go:84.55,86.4 1 0
github.com/tokflux/fluxcore/message/content.go:87.3,87.15 1 1
github.com/tokflux/fluxcore/message/content.go:89.2,89.12 1 1
github.com/tokflux/fluxcore/message/content.go:93.39,98.2 1 1
github.com/tokflux/fluxcore/message/content.go:101.58,106.2 1 1
github.com/tokflux/fluxcore/message/content.go:109.58,114.2 1 1
github.com/tokflux/fluxcore/message/content.go:117.34,118.37 1 1
github.com/tokflux/fluxcore/message/content.go:118.37,120.3 1 1
github.com/tokflux/fluxcore/message/content.go:121.2,121.11 1 1
github.com/tokflux/fluxcore/message/content.go:125.39,126.39 1 1
github.com/tokflux/fluxcore/message/content.go:126.39,128.3 1 1
github.com/tokflux/fluxcore/message/content.go:129.2,129.12 1 1
github.com/tokflux/fluxcore/message/content.go:133.39,134.39 1 1
github.com/tokflux/fluxcore/message/content.go:134.39,136.3 1 1
github.com/tokflux/fluxcore/message/content.go:137.2,137.12 1 1
github.com/tokflux/fluxcore/message/estimate.go:6.41,7.19 1 1
github.com/tokflux/fluxcore/message/estimate.go:7.19,9.3 1 1
github.com/tokflux/fluxcore/message/estimate.go:11.2,13.28 3 1
github.com/tokflux/fluxcore/message/estimate.go:13.28,15.33 2 1
github.com/tokflux/fluxcore/message/estimate.go:15.33,17.4 1 1
github.com/tokflux/fluxcore/message/estimate.go:21.2,21.59 1 1
github.com/tokflux/fluxcore/message/estimate.go:25.57,27.31 2 1
github.com/tokflux/fluxcore/message/estimate.go:27.31,32.33 2 1
github.com/tokflux/fluxcore/message/estimate.go:32.33,33.24 1 1
github.com/tokflux/fluxcore/message/estimate.go:33.24,34.39 1 1
github.com/tokflux/fluxcore/message/estimate.go:34.39,36.6 1 1
github.com/tokflux/fluxcore/message/estimate.go:40.2,40.14 1 1
github.com/tokflux/fluxcore/message/request.go:48.35,50.2 1 1
github.com/tokflux/fluxcore/message/request.go:69.57,71.51 2 0
github.com/tokflux/fluxcore/message/request.go:71.51,73.3 1 0
github.com/tokflux/fluxcore/message/request.go:74.2,74.18 1 0
github.com/tokflux/fluxcore/message/request.go:78.59,80.52 2 0
github.com/tokflux/fluxcore/message/request.go:80.52,82.3 1 0
github.com/tokflux/fluxcore/message/request.go:83.2,83.19 1 0
github.com/tokflux/fluxcore/message/request.go:87.66,91.2 3 0
github.com/tokflux/fluxcore/message/request.go:94.66,98.2 3 0
github.com/tokflux/fluxcore/message/request.go:101.71,105.2 3 0
github.com/tokflux/fluxcore/message/request.go:108.50,113.2 4 0
