mode: set
github.com/tokflux/fluxcore/call/client.go:32.142,34.16 2 1
github.com/tokflux/fluxcore/call/client.go:34.16,36.3 1 1
github.com/tokflux/fluxcore/call/client.go:38.2,39.16 2 1
github.com/tokflux/fluxcore/call/client.go:39.16,41.3 1 1
github.com/tokflux/fluxcore/call/client.go:43.2,44.52 2 1
github.com/tokflux/fluxcore/call/client.go:44.52,45.16 1 1
github.com/tokflux/fluxcore/call/client.go:45.16,47.18 2 1
github.com/tokflux/fluxcore/call/client.go:47.18,48.10 1 1
github.com/tokflux/fluxcore/call/client.go:51.4,52.11 2 1
github.com/tokflux/fluxcore/call/client.go:53.31,53.31 0 1
github.com/tokflux/fluxcore/call/client.go:54.22,55.31 1 1
github.com/tokflux/fluxcore/call/client.go:59.3,60.17 2 1
github.com/tokflux/fluxcore/call/client.go:60.17,63.4 2 1
github.com/tokflux/fluxcore/call/client.go:65.3,69.31 3 1
github.com/tokflux/fluxcore/call/client.go:69.31,70.9 1 1
github.com/tokflux/fluxcore/call/client.go:74.2,74.26 1 1
github.com/tokflux/fluxcore/call/client.go:77.88,79.16 2 1
github.com/tokflux/fluxcore/call/client.go:79.16,81.3 1 0
github.com/tokflux/fluxcore/call/client.go:82.2,85.16 3 1
github.com/tokflux/fluxcore/call/client.go:85.16,87.3 1 1
github.com/tokflux/fluxcore/call/client.go:88.2,90.28 2 1
github.com/tokflux/fluxcore/call/client.go:90.28,93.3 2 1
github.com/tokflux/fluxcore/call/client.go:95.2,95.30 1 1
github.com/tokflux/fluxcore/call/client.go:99.164,103.16 3 1
github.com/tokflux/fluxcore/call/client.go:103.16,105.3 1 0
github.com/tokflux/fluxcore/call/client.go:107.2,108.16 2 1
github.com/tokflux/fluxcore/call/client.go:108.16,110.3 1 1
github.com/tokflux/fluxcore/call/client.go:112.2,115.16 3 1
github.com/tokflux/fluxcore/call/client.go:115.16,117.3 1 1
github.com/tokflux/fluxcore/call/client.go:119.2,128.16 3 1
github.com/tokflux/fluxcore/call/client.go:128.16,130.3 1 0
github.com/tokflux/fluxcore/call/client.go:132.2,132.27 1 1
github.com/tokflux/fluxcore/call/request.go:14.57,16.25 2 1
github.com/tokflux/fluxcore/call/request.go:17.30,18.13 1 1
github.com/tokflux/fluxcore/call/request.go:18.13,20.4 1 0
github.com/tokflux/fluxcore/call/request.go:20.9,22.4 1 1
github.com/tokflux/fluxcore/call/request.go:23.33,24.24 1 1
github.com/tokflux/fluxcore/call/request.go:25.30,26.20 1 1
github.com/tokflux/fluxcore/call/request.go:27.10,28.32 1 1
github.com/tokflux/fluxcore/call/request.go:30.2,30.30 1 1
github.com/tokflux/fluxcore/call/request.go:34.71,36.12 2 1
github.com/tokflux/fluxcore/call/request.go:36.12,38.3 1 1
github.com/tokflux/fluxcore/call/request.go:40.2,40.25 1 1
github.com/tokflux/fluxcore/call/request.go:41.30,42.50 1 1
github.com/tokflux/fluxcore/call/request.go:43.33,45.45 2 1
github.com/tokflux/fluxcore/call/request.go:46.30,47.59 1 1
github.com/tokflux/fluxcore/call/request.go:48.10,49.59 1 1
github.com/tokflux/fluxcore/call/request.go:54.76,56.44 2 1
github.com/tokflux/fluxcore/call/request.go:56.44,58.3 1 1
github.com/tokflux/fluxcore/call/request.go:59.2,59.15 1 1
github.com/tokflux/fluxcore/call/request.go:59.15,61.3 1 1
github.com/tokflux/fluxcore/call/request.go:62.2,62.16 1 1
github.com/tokflux/fluxcore/call/request.go:66.95,67.18 1 1
github.com/tokflux/fluxcore/call/request.go:68.33,69.50 1 1
github.com/tokflux/fluxcore/call/request.go:70.30,71.47 1 1
github.com/tokflux/fluxcore/call/request.go:72.30,73.47 1 1
github.com/tokflux/fluxcore/call/request.go:74.10,75.27 1 1
github.com/tokflux/fluxcore/call/request.go:80.102,81.18 1 1
github.com/tokflux/fluxcore/call/request.go:82.33,83.64 1 1
github.com/tokflux/fluxcore/call/request.go:84.30,85.61 1 1
github.com/tokflux/fluxcore/call/request.go:86.30,87.61 1 1
github.com/tokflux/fluxcore/call/request.go:88.10,89.41 1 1
github.com/tokflux/fluxcore/call/request.go:94.96,95.18 1 1
github.com/tokflux/fluxcore/call/request.go:96.33,97.52 1 1
github.com/tokflux/fluxcore/call/request.go:98.30,99.49 1 0
github.com/tokflux/fluxcore/call/request.go:100.30,101.49 1 0
github.com/tokflux/fluxcore/call/request.go:102.10,103.28 1 1
github.com/tokflux/fluxcore/call/request.go:108.94,109.18 1 1
github.com/tokflux/fluxcore/call/request.go:110.33,111.70 1 1
github.com/tokflux/fluxcore/call/request.go:112.30,113.67 1 1
github.com/tokflux/fluxcore/call/request.go:114.30,115.67 1 1
github.com/tokflux/fluxcore/call/request.go:116.10,117.38 1 1
github.com/tokflux/fluxcore/call/retry.go:16.51,17.18 1 1
github.com/tokflux/fluxcore/call/retry.go:17.18,19.3 1 1
github.com/tokflux/fluxcore/call/retry.go:21.2,22.31 2 1
github.com/tokflux/fluxcore/call/retry.go:22.31,24.3 1 1
github.com/tokflux/fluxcore/call/retry.go:27.2,27.57 1 1
github.com/tokflux/fluxcore/call/stream.go:28.139,30.16 2 1
github.com/tokflux/fluxcore/call/stream.go:30.16,32.3 1 0
github.com/tokflux/fluxcore/call/stream.go:33.2,36.16 3 1
github.com/tokflux/fluxcore/call/stream.go:36.16,38.3 1 1
github.com/tokflux/fluxcore/call/stream.go:40.2,41.52 2 1
github.com/tokflux/fluxcore/call/stream.go:41.52,42.16 1 1
github.com/tokflux/fluxcore/call/stream.go:42.16,44.18 2 1
github.com/tokflux/fluxcore/call/stream.go:44.18,45.10 1 0
github.com/tokflux/fluxcore/call/stream.go:48.4,49.11 2 1
github.com/tokflux/fluxcore/call/stream.go:50.31,50.31 0 1
github.com/tokflux/fluxcore/call/stream.go:51.22,52.26 1 1
github.com/tokflux/fluxcore/call/stream.go:56.3,57.17 2 1
github.com/tokflux/fluxcore/call/stream.go:57.17,59.14 2 1
github.com/tokflux/fluxcore/call/stream.go:59.14,62.9 3 1
github.com/tokflux/fluxcore/call/stream.go:62.9,63.13 1 1
github.com/tokflux/fluxcore/call/stream.go:64.36,65.14 1 1
github.com/tokflux/fluxcore/call/stream.go:65.14,68.8 2 1
github.com/tokflux/fluxcore/call/stream.go:69.7,69.25 1 1
github.com/tokflux/fluxcore/call/stream.go:70.24,71.13 1 1
github.com/tokflux/fluxcore/call/stream.go:76.4,80.10 1 1
github.com/tokflux/fluxcore/call/stream.go:83.3,87.31 3 1
github.com/tokflux/fluxcore/call/stream.go:87.31,88.9 1 1
github.com/tokflux/fluxcore/call/stream.go:92.2,92.21 1 1
github.com/tokflux/fluxcore/call/stream.go:96.161,100.16 3 1
github.com/tokflux/fluxcore/call/stream.go:100.16,102.3 1 0
github.com/tokflux/fluxcore/call/stream.go:104.2,105.16 2 1
github.com/tokflux/fluxcore/call/stream.go:105.16,107.3 1 1
github.com/tokflux/fluxcore/call/stream.go:109.2,114.12 4 1
github.com/tokflux/fluxcore/call/stream.go:114.12,116.31 2 1
github.com/tokflux/fluxcore/call/stream.go:116.31,117.27 1 1
github.com/tokflux/fluxcore/call/stream.go:117.27,118.13 1 1
github.com/tokflux/fluxcore/call/stream.go:121.4,121.27 1 1
github.com/tokflux/fluxcore/call/stream.go:121.27,127.5 5 1
github.com/tokflux/fluxcore/call/stream.go:129.4,129.50 1 1
github.com/tokflux/fluxcore/call/stream.go:129.50,130.13 1 1
github.com/tokflux/fluxcore/call/stream.go:133.4,133.40 1 1
github.com/tokflux/fluxcore/call/stream.go:133.40,135.25 2 0
github.com/tokflux/fluxcore/call/stream.go:135.25,137.6 1 0
github.com/tokflux/fluxcore/call/stream.go:138.10,140.22 2 1
github.com/tokflux/fluxcore/call/stream.go:140.22,142.6 1 1
github.com/tokflux/fluxcore/call/stream.go:147.2,149.33 1 1
github.com/tokflux/fluxcore/call/stream.go:149.33,149.53 1 1
github.com/tokflux/fluxcore/call/stream.go:154.121,158.16 3 1
github.com/tokflux/fluxcore/call/stream.go:158.16,161.3 2 0
github.com/tokflux/fluxcore/call/stream.go:162.2,165.16 3 1
github.com/tokflux/fluxcore/call/stream.go:165.16,168.3 2 1
github.com/tokflux/fluxcore/call/stream.go:170.2,170.28 1 1
github.com/tokflux/fluxcore/call/stream.go:170.28,175.3 4 1
github.com/tokflux/fluxcore/call/stream.go:177.2,177.31 1 1
github.com/tokflux/fluxcore/call/stream.go:180.32,181.21 1 1
github.com/tokflux/fluxcore/call/stream.go:181.21,183.3 1 1
github.com/tokflux/fluxcore/call/testutil.go:8.97,11.2 2 1
github.com/tokflux/fluxcore/call/testutil.go:14.126,17.2 2 1
