mode: set
fluxcore/errors/classify.go:43.42,44.23 1 1
fluxcore/errors/classify.go:44.23,46.3 1 1
fluxcore/errors/classify.go:47.2,47.50 1 1
fluxcore/errors/classify.go:50.42,52.2 1 1
fluxcore/errors/classify.go:55.75,61.2 1 1
fluxcore/errors/classify.go:64.92,71.2 1 1
fluxcore/errors/classify.go:74.70,79.77 3 1
fluxcore/errors/classify.go:79.77,82.3 2 1
fluxcore/errors/classify.go:82.8,83.10 1 1
fluxcore/errors/classify.go:84.26,86.20 2 1
fluxcore/errors/classify.go:87.26,89.20 2 1
fluxcore/errors/classify.go:90.47,92.21 2 1
fluxcore/errors/classify.go:93.46,96.21 2 1
fluxcore/errors/classify.go:97.11,99.20 2 0
fluxcore/errors/classify.go:103.2,104.16 2 1
fluxcore/errors/classify.go:104.16,106.3 1 1
fluxcore/errors/classify.go:108.2,113.3 1 1
fluxcore/errors/classify.go:117.51,118.16 1 1
fluxcore/errors/classify.go:118.16,120.3 1 0
fluxcore/errors/classify.go:123.2,123.72 1 1
fluxcore/errors/classify.go:123.72,125.3 1 1
fluxcore/errors/classify.go:128.2,128.21 1 0
fluxcore/errors/classify.go:128.21,130.3 1 0
fluxcore/errors/classify.go:133.2,133.28 1 0
fluxcore/errors/classify.go:133.28,135.3 1 0
fluxcore/errors/classify.go:138.2,138.59 1 0
fluxcore/errors/classify.go:143.37,149.2 2 0
fluxcore/errors/classify.go:151.33,154.32 2 0
fluxcore/errors/classify.go:154.32,156.3 1 0
fluxcore/errors/classify.go:157.2,159.31 2 0
fluxcore/errors/classify.go:162.40,167.2 2 0
fluxcore/errors/classify.go:169.51,170.25 1 1
fluxcore/errors/classify.go:170.25,172.3 1 1
fluxcore/errors/classify.go:173.2,173.30 1 1
fluxcore/errors/classify.go:177.34,179.36 2 1
fluxcore/errors/classify.go:179.36,181.3 1 0
fluxcore/errors/classify.go:183.2,183.14 1 1
fluxcore/errors/classify.go:187.35,189.36 2 1
fluxcore/errors/classify.go:189.36,191.3 1 0
fluxcore/errors/classify.go:192.2,192.25 1 1
fluxcore/errors/classify.go:196.37,198.2 1 0
fluxcore/errors/classify.go:201.33,203.2 1 0
